2022/03/10 00:56:42 server Juzang listening on port 10371
2022/03/10 00:57:38 Juzang HandleIAMAT: 
2022/03/10 00:57:38 Juzang HandleIAMAT: {client:kiwi.cs.ucla.edu latitude:34.06893 longitude:-118.445127 timestamp:1.6214648279594984e+09}
2022/03/10 00:57:38 Juzang HandleIAMAT: AT Juzang 25437830.066323 kiwi.cs.ucla.edu 34.068930 -118.445127 1621464827.959498
2022/03/10 00:57:38 Juzang AT
2022/03/10 00:57:38 Juzang AT: {serverID:Juzang timeDelta:2.5437830066323e+07 client:kiwi.cs.ucla.edu latitude:34.06893 longitude:-118.445127 timestamp:1.621464827959498e+09}
2022/03/10 00:57:38 Juzang AT
2022/03/10 00:57:38 Juzang AT: {serverID:Juzang timeDelta:2.5437830066323e+07 client:kiwi.cs.ucla.edu latitude:34.06893 longitude:-118.445127 timestamp:1.621464827959498e+09}
2022/03/10 00:57:49 Juzang WHATSAT
2022/03/10 00:57:49 Juzang WHATSAT: {client:kiwi.cs.ucla.edu radius:10 bound:5}
2022/03/10 00:57:50 Juzang WHATSAT: AT Juzang 25437830.066323 kiwi.cs.ucla.edu 34.068930 -118.445127 1621464827.959498
{
	"error_message": "You must use an API key to authenticate each request to Google Maps Platform APIs. For additional information, please refer to http://g.co/dev/maps-no-account",
	"html_attributions": [],
	"results": [
		null,
		null,
		null,
		null,
		null
	],
	"status": "REQUEST_DENIED"
}
2022/03/10 00:58:27 server Juzang listening on port 10371
2022/03/10 00:58:37 Juzang HandleIAMAT: 
2022/03/10 00:58:37 Juzang HandleIAMAT: {client:kiwi.cs.ucla.edu latitude:34.06893 longitude:-118.445127 timestamp:1.6214648279594984e+09}
2022/03/10 00:58:37 Juzang HandleIAMAT: AT Juzang 25437889.982602 kiwi.cs.ucla.edu 34.068930 -118.445127 1621464827.959498
2022/03/10 00:58:37 Juzang AT
2022/03/10 00:58:37 Juzang AT: {serverID:Juzang timeDelta:2.5437889982602e+07 client:kiwi.cs.ucla.edu latitude:34.06893 longitude:-118.445127 timestamp:1.621464827959498e+09}
2022/03/10 00:58:37 Juzang AT
2022/03/10 00:58:37 Juzang AT: {serverID:Juzang timeDelta:2.5437889982602e+07 client:kiwi.cs.ucla.edu latitude:34.06893 longitude:-118.445127 timestamp:1.621464827959498e+09}
2022/03/10 00:58:46 Juzang WHATSAT
2022/03/10 00:58:46 Juzang WHATSAT: {client:kiwi.cs.ucla.edu radius:10 bound:5}
2022/03/10 00:58:46 Juzang WHATSAT: AT Juzang 25437889.982602 kiwi.cs.ucla.edu 34.068930 -118.445127 1621464827.959498
{
	"error_message": "You must use an API key to authenticate each request to Google Maps Platform APIs. For additional information, please refer to http://g.co/dev/maps-no-account",
	"html_attributions": [],
	"results": [
		null,
		null,
		null,
		null,
		null
	],
	"status": "REQUEST_DENIED"
}
2022/03/10 01:05:33 server Juzang listening on port 10371
2022/03/10 01:05:51 Juzang HandleIAMAT: 
2022/03/10 01:05:51 Juzang HandleIAMAT: {client:kiwi.cs.ucla.edu latitude:34.06893 longitude:-118.445127 timestamp:1.6214648279594984e+09}
2022/03/10 01:05:51 Juzang HandleIAMAT: AT Juzang 25438323.201509 kiwi.cs.ucla.edu 34.068930 -118.445127 1621464827.959498
2022/03/10 01:05:51 Juzang AT
2022/03/10 01:05:51 Juzang AT: {serverID:Juzang timeDelta:2.5438323201509e+07 client:kiwi.cs.ucla.edu latitude:34.06893 longitude:-118.445127 timestamp:1.621464827959498e+09}
2022/03/10 01:05:51 Juzang AT
2022/03/10 01:05:51 Juzang AT: {serverID:Juzang timeDelta:2.5438323201509e+07 client:kiwi.cs.ucla.edu latitude:34.06893 longitude:-118.445127 timestamp:1.621464827959498e+09}
2022/03/10 01:05:58 Juzang WHATSAT
2022/03/10 01:05:58 Juzang WHATSAT: {client:kiwi.cs.ucla.edu radius:10 bound:5}
2022/03/10 01:05:58 Juzang WHATSAT: AT Juzang 25438323.201509 kiwi.cs.ucla.edu 34.068930 -118.445127 1621464827.959498
{
	"html_attributions": [],
	"next_page_token": "Aap_uEDwgeb7ifAZRzS7u36wGdNv4keUgVk6_4oGEvSV65kcArJdLsWu_Iyg8yc6NOpxbTzlBgc5NkGBEmAQHk-CfKH5IGwdspgJi5pC-zAnith75GNQmgb8CRZn5hPj7F79DaYfKiQ3n7Rm4xeEoI5A0hqvDubhhd2f7OWczmC97XWzZfxbNgpv4RAH5MzzdcJutXKJxtyd3wMWtJgnjDkdOf1xIrsWLburc_g8msEBOM4IwfwvMhBE1blCLiOppCbTvyOtaJQ-aoG3TWQsQt2XY5-iHnvkQVAnlHhuo__a3rOlBpkfP1ni-tHW93fnEZcyItYhnt7kEjQSackjrt8mIG2i7BBw9fZwZA3D-0vUFp1kUEWNt-Gj6Q2amT2jkmdKG6hoJEP-2C-m9DTenGwZe_J-V5xmx2ZLsxxu5WM9YoDp",
	"results": [
		{
			"geometry": {
				"location": {
					"lat": 34.0522342,
					"lng": -118.2436849
				},
				"viewport": {
					"northeast": {
						"lat": 34.33730608759191,
						"lng": -118.155289077463
					},
					"southwest": {
						"lat": 33.70365193147634,
						"lng": -118.6681759484859
					}
				}
			},
			"icon": "https://maps.gstatic.com/mapfiles/place_api/icons/v1/png_71/geocode-71.png",
			"icon_background_color": "#7B9EB0",
			"icon_mask_base_uri": "https://maps.gstatic.com/mapfiles/place_api/icons/v2/generic_pinlet",
			"name": "Los Angeles",
			"photos": [
				{
					"height": 746,
					"html_attributions": [
						"\u003ca href=\"https://maps.google.com/maps/contrib/108862076113400282635\"\u003eAROUND THE WORLD\u003c/a\u003e"
					],
					"photo_reference": "Aap_uECQynPB3jRTsKEtOwxn9NPFxSqKW7ycrf7gQ5rry1kl1mFhSO1UiA-4u_0WA4WggwjyrKdoumoztpRdjFwpCcQ4HY9ITcEzTaB_ViakHsPFHtV8KatWMgoP3rmsBDwGL0OmGr8WSuLb4v0Dp0nbYUonpif6BEJlRq4SwYQE9Gm2jka9",
					"width": 1079
				}
			],
			"place_id": "ChIJE9on3F3HwoAR9AhGJW_fL-I",
			"reference": "ChIJE9on3F3HwoAR9AhGJW_fL-I",
			"scope": "GOOGLE",
			"types": [
				"locality",
				"political"
			],
			"vicinity": "Los Angeles"
		},
		{
			"business_status": "OPERATIONAL",
			"geometry": {
				"location": {
					"lat": 34.0632746,
					"lng": -118.4409504
				},
				"viewport": {
					"northeast": {
						"lat": 34.0646108802915,
						"lng": -118.4398087197085
					},
					"southwest": {
						"lat": 34.0619129197085,
						"lng": -118.4425066802915
					}
				}
			},
			"icon": "https://maps.gstatic.com/mapfiles/place_api/icons/v1/png_71/lodging-71.png",
			"icon_background_color": "#909CE1",
			"icon_mask_base_uri": "https://maps.gstatic.com/mapfiles/place_api/icons/v2/hotel_pinlet",
			"name": "W Los Angeles - West Beverly Hills",
			"photos": [
				{
					"height": 1365,
					"html_attributions": [
						"\u003ca href=\"https://maps.google.com/maps/contrib/112226443518685790919\"\u003eW Los Angeles - West Beverly Hills\u003c/a\u003e"
					],
					"photo_reference": "Aap_uECZ8Za0HRqXVb9XUjwyLci3ga5BSH-6VTHbD2dTo3c7WsndWrDA-tiLLHx10fczSLAWmj9DhyYHq_L5d7CTnSbUN4cQMDaYtmodZ_DJ7Mh4iGBKxUERX_2mBGSFDuf5DfQbg3QNBkVDpT9YEgzsIJPHvoFIwUJt6BZFomQ7sx37ehx3",
					"width": 2048
				}
			],
			"place_id": "ChIJffYelYC8woARkChY4cQOzUM",
			"plus_code": {
				"compound_code": "3H75+8J Los Angeles, CA, USA",
				"global_code": "85633H75+8J"
			},
			"rating": 4.2,
			"reference": "ChIJffYelYC8woARkChY4cQOzUM",
			"scope": "GOOGLE",
			"types": [
				"lodging",
				"point_of_interest",
				"establishment"
			],
			"user_ratings_total": 1145,
			"vicinity": "930 Hilgard Avenue, Los Angeles"
		},
		{
			"business_status": "OPERATIONAL",
			"geometry": {
				"location": {
					"lat": 34.0606386,
					"lng": -118.4429771
				},
				"viewport": {
					"northeast": {
						"lat": 34.0620311302915,
						"lng": -118.4417359197085
					},
					"southwest": {
						"lat": 34.0593331697085,
						"lng": -118.4444338802915
					}
				}
			},
			"icon": "https://maps.gstatic.com/mapfiles/place_api/icons/v1/png_71/lodging-71.png",
			"icon_background_color": "#909CE1",
			"icon_mask_base_uri": "https://maps.gstatic.com/mapfiles/place_api/icons/v2/hotel_pinlet",
			"name": "Royal Palace Westwood Hotel",
			"opening_hours": {
				"open_now": true
			},
			"photos": [
				{
					"height": 1836,
					"html_attributions": [
						"\u003ca href=\"https://maps.google.com/maps/contrib/107513054366925301603\"\u003eJose Solorio Gonzalez\u003c/a\u003e"
					],
					"photo_reference": "Aap_uEBcOpqyvwYTib6NZIQnlqUkZWfz5TsTiSPotJtUU2F5vUIeJdby4ptYTpb61AB5Gy3XLI5nvkeYDkFQziPdG6moDK7DnZ7vVYaVizxO1y9--LOKZWWG5Zkk2bDY2oknoiBQ6Q28Gf5JG4-QSUk5gqgpk4CuQCwCsNXG9xZFvZZY1bWb",
					"width": 3264
				}
			],
			"place_id": "ChIJ36i1toG8woARHcjs6P2eCkU",
			"plus_code": {
				"compound_code": "3H64+7R Los Angeles, CA, USA",
				"global_code": "85633H64+7R"
			},
			"rating": 4.3,
			"reference": "ChIJ36i1toG8woARHcjs6P2eCkU",
			"scope": "GOOGLE",
			"types": [
				"lodging",
				"point_of_interest",
				"establishment"
			],
			"user_ratings_total": 268,
			"vicinity": "1052 Tiverton Avenue, Los Angeles"
		},
		{
			"business_status": "OPERATIONAL",
			"geometry": {
				"location": {
					"lat": 34.0677273,
					"lng": -118.426036
				},
				"viewport": {
					"northeast": {
						"lat": 34.06895858029149,
						"lng": -118.4244877697085
					},
					"southwest": {
						"lat": 34.0662606197085,
						"lng": -118.4271857302915
					}
				}
			},
			"icon": "https://maps.gstatic.com/mapfiles/place_api/icons/v1/png_71/lodging-71.png",
			"icon_background_color": "#909CE1",
			"icon_mask_base_uri": "https://maps.gstatic.com/mapfiles/place_api/icons/v2/hotel_pinlet",
			"name": "Beverly Hills Plaza Hotel \u0026 Spa",
			"opening_hours": {
				"open_now": true
			},
			"photos": [
				{
					"height": 4032,
					"html_attributions": [
						"\u003ca href=\"https://maps.google.com/maps/contrib/113734743894785553135\"\u003eKsenia Busheva\u003c/a\u003e"
					],
					"photo_reference": "Aap_uEBMLitOQK7RBm9mKoPpFq4u5OJ6H9KVtpI4G4eK7N7tW-henwUu7aC2dr4yeVHnQT-IGAV5l1lyjLI5WSFfY-EV-Zbqo2IJKvbzDkEjDtWd0r4PkiO96bbiqXLcKU69k38TzBsOwgrmcyBAKx97WicnRFTr7U8rPWqOqGFueLy7KzsT",
					"width": 3024
				}
			],
			"place_id": "ChIJ5ZA1I3e8woARBzIurF6K3vU",
			"plus_code": {
				"compound_code": "3H9F+3H Los Angeles, CA, USA",
				"global_code": "85633H9F+3H"
			},
			"rating": 4.4,
			"reference": "ChIJ5ZA1I3e8woARBzIurF6K3vU",
			"scope": "GOOGLE",
			"types": [
				"lodging",
				"point_of_interest",
				"establishment"
			],
			"user_ratings_total": 387,
			"vicinity": "10300 Wilshire Boulevard, Los Angeles"
		},
		{
			"business_status": "OPERATIONAL",
			"geometry": {
				"location": {
					"lat": 34.0737527,
					"lng": -118.4682129
				},
				"viewport": {
					"northeast": {
						"lat": 34.07501653029149,
						"lng": -118.4668231197085
					},
					"southwest": {
						"lat": 34.0723185697085,
						"lng": -118.4695210802915
					}
				}
			},
			"icon": "https://maps.gstatic.com/mapfiles/place_api/icons/v1/png_71/lodging-71.png",
			"icon_background_color": "#909CE1",
			"icon_mask_base_uri": "https://maps.gstatic.com/mapfiles/place_api/icons/v2/hotel_pinlet",
			"name": "Hotel Angeleno",
			"opening_hours": {
				"open_now": true
			},
			"photos": [
				{
					"height": 4013,
					"html_attributions": [
						"\u003ca href=\"https://maps.google.com/maps/contrib/109137024387790382898\"\u003eHotel Angeleno\u003c/a\u003e"
					],
					"photo_reference": "Aap_uEAXHHnE8ENraDNEbiv4DaeRtOP6oYYrC-unK7PagFayU5QvuMGm9Uu9wb5uFhcJVDJGwXx5YG9MynCm9cV1FpFLblbPArGW7rXORrFlewV2ISKDqB8wOG1HLiVRTj4nR_8jtDQ0TE0yb8bVpKzDKK5DfqgRG1umbBh8SJPTp446aA3J",
					"width": 5375
				}
			],
			"place_id": "ChIJt37HtsC8woARLi6S2eMbe_o",
			"plus_code": {
				"compound_code": "3GFJ+GP Los Angeles, CA, USA",
				"global_code": "85633GFJ+GP"
			},
			"rating": 4,
			"reference": "ChIJt37HtsC8woARLi6S2eMbe_o",
			"scope": "GOOGLE",
			"types": [
				"lodging",
				"point_of_interest",
				"establishment"
			],
			"user_ratings_total": 1523,
			"vicinity": "170 North Church Lane, Los Angeles"
		}
	],
	"status": "OK"
}
